{
  "RSpec": {
    "coverage": {
      "/home/benign-sequence-1472/tic-tac-toe-rb-ruby-apply-000/lib/tic_tac_toe.rb": [
        null,
        1,
        null,
        null,
        null,
        null,
        null,
        null,
        null,
        null,
        1,
        24,
        24,
        24,
        24,
        24,
        null,
        null,
        1,
        23,
        null,
        null,
        1,
        22,
        null,
        null,
        1,
        25,
        null,
        null,
        1,
        23,
        null,
        null,
        1,
        21,
        21,
        20,
        20,
        19,
        19,
        19,
        null,
        1,
        null,
        null,
        1,
        21,
        21,
        189,
        31,
        null,
        null,
        21,
        null,
        null,
        1,
        20,
        20,
        14,
        null,
        6,
        null,
        20,
        null,
        null,
        null,
        null,
        1,
        59,
        314,
        314,
        314,
        null,
        314,
        314,
        314,
        null,
        314,
        9,
        305,
        4,
        null,
        null,
        46,
        null,
        null,
        1,
        150,
        null,
        null,
        1,
        24,
        7,
        null,
        17,
        null,
        null,
        null,
        1,
        21,
        9,
        null,
        12,
        null,
        null,
        null,
        1,
        6,
        6,
        6,
        null,
        null,
        4,
        2,
        null,
        2,
        null,
        null,
        null,
        null,
        1,
        12,
        18,
        null,
        null,
        11,
        4,
        7,
        3,
        null,
        null
      ]
    },
    "timestamp": 1596616438
  }
}
